<?xml version="1.0" encoding="UTF-8"?>
<testsuite name="TestSuite" time="97.756" tests="2" errors="0" skipped="0" failures="2">
  <properties>
[...]
</properties>
  <testcase name="feature" classname="com.quickee.steps.RunCuke" time="97.756">
    <failure message="org.openqa.selenium.NoSuchElementException: Can&apos;t locate an element by this strategy: Locator map: &#10;- native content: &quot;By.xpath: (//XCUIElementTypeOther[@name=&quot;TabBarItem_AccessibilityLabel&quot;])[4]&quot; &#10;- html content: &quot;by id or name &quot;profile&quot;&quot;&#10;For documentation on this error, please visit: http://seleniumhq.org/exceptions/no_such_element.html&#10;Build info: version: &apos;2.53.0&apos;, revision: &apos;35ae25b1534ae328c771e0856c93e187490ca824&apos;, time: &apos;2016-03-15 10:43:46&apos;&#10;System info: host: &apos;ind351.local&apos;, ip: &apos;10.2.4.157&apos;, os.name: &apos;Mac OS X&apos;, os.arch: &apos;x86_64&apos;, os.version: &apos;10.12.6&apos;, java.version: &apos;10.0.1&apos;&#10;Driver info: driver.version: SharedDriver" type="cucumber.runtime.CucumberException"><![CDATA[cucumber.runtime.CucumberException: org.openqa.selenium.NoSuchElementException: Can't locate an element by this strategy: Locator map: 
- native content: "By.xpath: (//XCUIElementTypeOther[@name="TabBarItem_AccessibilityLabel"])[4]" 
- html content: "by id or name "profile""
For documentation on this error, please visit: http://seleniumhq.org/exceptions/no_such_element.html
Build info: version: '2.53.0', revision: '35ae25b1534ae328c771e0856c93e187490ca824', time: '2016-03-15 10:43:46'
System info: host: 'ind351.local', ip: '10.2.4.157', os.name: 'Mac OS X', os.arch: 'x86_64', os.version: '10.12.6', java.version: '10.0.1'
Driver info: driver.version: SharedDriver
	at cucumber.api.testng.TestNGCucumberRunner.runCucumber(TestNGCucumberRunner.java:69)
	at cucumber.api.testng.AbstractTestNGCucumberTests.feature(AbstractTestNGCucumberTests.java:21)
	at java.base/jdk.internal.reflect.NativeMethodAccessorImpl.invoke0(Native Method)
	at java.base/jdk.internal.reflect.NativeMethodAccessorImpl.invoke(NativeMethodAccessorImpl.java:62)
	at java.base/jdk.internal.reflect.DelegatingMethodAccessorImpl.invoke(DelegatingMethodAccessorImpl.java:43)
	at java.base/java.lang.reflect.Method.invoke(Method.java:564)
	at org.testng.internal.MethodInvocationHelper.invokeMethod(MethodInvocationHelper.java:108)
	at org.testng.internal.Invoker.invokeMethod(Invoker.java:661)
	at org.testng.internal.Invoker.invokeTestMethod(Invoker.java:869)
	at org.testng.internal.Invoker.invokeTestMethods(Invoker.java:1193)
	at org.testng.internal.TestMethodWorker.invokeTestMethods(TestMethodWorker.java:126)
	at org.testng.internal.TestMethodWorker.run(TestMethodWorker.java:109)
	at org.testng.TestRunner.privateRun(TestRunner.java:744)
	at org.testng.TestRunner.run(TestRunner.java:602)
	at org.testng.SuiteRunner.runTest(SuiteRunner.java:380)
	at org.testng.SuiteRunner.runSequentially(SuiteRunner.java:375)
	at org.testng.SuiteRunner.privateRun(SuiteRunner.java:340)
	at org.testng.SuiteRunner.run(SuiteRunner.java:289)
	at org.testng.SuiteRunnerWorker.runSuite(SuiteRunnerWorker.java:52)
	at org.testng.SuiteRunnerWorker.run(SuiteRunnerWorker.java:86)
	at org.testng.TestNG.runSuitesSequentially(TestNG.java:1301)
	at org.testng.TestNG.runSuitesLocally(TestNG.java:1226)
	at org.testng.TestNG.runSuites(TestNG.java:1144)
	at org.testng.TestNG.run(TestNG.java:1115)
	at org.apache.maven.surefire.testng.TestNGExecutor.run(TestNGExecutor.java:295)
	at org.apache.maven.surefire.testng.TestNGXmlTestSuite.execute(TestNGXmlTestSuite.java:84)
	at org.apache.maven.surefire.testng.TestNGProvider.invoke(TestNGProvider.java:90)
	at org.apache.maven.surefire.booter.ForkedBooter.invokeProviderInSameClassLoader(ForkedBooter.java:203)
	at org.apache.maven.surefire.booter.ForkedBooter.runSuitesInProcess(ForkedBooter.java:155)
	at org.apache.maven.surefire.booter.ForkedBooter.main(ForkedBooter.java:103)
Caused by: org.openqa.selenium.NoSuchElementException: Can't locate an element by this strategy: Locator map: 
- native content: "By.xpath: (//XCUIElementTypeOther[@name="TabBarItem_AccessibilityLabel"])[4]" 
- html content: "by id or name "profile""
For documentation on this error, please visit: http://seleniumhq.org/exceptions/no_such_element.html
Build info: version: '2.53.0', revision: '35ae25b1534ae328c771e0856c93e187490ca824', time: '2016-03-15 10:43:46'
System info: host: 'ind351.local', ip: '10.2.4.157', os.name: 'Mac OS X', os.arch: 'x86_64', os.version: '10.12.6', java.version: '10.0.1'
Driver info: driver.version: SharedDriver
	at io.appium.java_client.pagefactory.AppiumElementLocator.findElement(AppiumElementLocator.java:110)
	at io.appium.java_client.pagefactory.interceptors.InterceptorOfASingleElement.intercept(InterceptorOfASingleElement.java:57)
	at io.appium.java_client.ios.IOSElement$$EnhancerByCGLIB$$184e91dc.toString(<generated>)
	at java.base/java.lang.String.valueOf(String.java:2788)
	at java.base/java.lang.StringBuilder.append(StringBuilder.java:135)
	at com.quickee.driver.SharedDriver.waitUntilClickable(SharedDriver.java:162)
	at com.quickee.driver.SharedDriver.click(SharedDriver.java:78)
	at com.quickee.screens.LatestQuickeesScreen.clickProfileTab(LatestQuickeesScreen.java:55)
	at com.quickee.steps.LoginSteps.goToProfile(LoginSteps.java:57)
	at ✽.And Click on Profile link from Latest Quickees Screen(Login.feature:13)
]]></failure>
    <system-out><![CDATA[@LoginFunctionality
Feature: Acceptance Testing is check Login and Logout functionality is working fine
  In Order to check that
  the Login Functionality is working fine
  we will do the acceptance testing

  @LoginwithValidUser
  Scenario: As a Logged-out User I want to able to Login into the application so that i can check valid user details &amp#27;[90m# Login.feature:8&amp#27;[0m
    &amp#27;[32mGiven &amp#27;[0m&amp#27;[32mClick on Login link on Get Started Screen&amp#27;[0m                                                                  &amp#27;[90m# LoginSteps.goToLoginScreen()&amp#27;[0m
    &amp#27;[32mThen &amp#27;[0m&amp#27;[32mClick on EmailAddress button on Welcome Screen&amp#27;[0m                                                              &amp#27;[90m# LoginSteps.tapOnEmailbutton()&amp#27;[0m
    &amp#27;[32mWhen &amp#27;[0m&amp#27;[32mEnter Email and Password and click on Sign In button&amp#27;[0m                                                        &amp#27;[90m# LoginSteps.enterEmailAndPassword()&amp#27;[0m
    &amp#27;[31mAnd &amp#27;[0m&amp#27;[31mClick on Profile link from Latest Quickees Screen&amp#27;[0m                                                            &amp#27;[90m# LoginSteps.goToProfile()&amp#27;[0m
      &amp#27;[31morg.openqa.selenium.NoSuchElementException: Can't locate an element by this strategy: Locator map: 
      - native content: "By.xpath: (//XCUIElementTypeOther[@name="TabBarItem_AccessibilityLabel"])[4]" 
      - html content: "by id or name "profile""
      For documentation on this error, please visit: http://seleniumhq.org/exceptions/no_such_element.html
      Build info: version: '2.53.0', revision: '35ae25b1534ae328c771e0856c93e187490ca824', time: '2016-03-15 10:43:46'
      System info: host: 'ind351.local', ip: '10.2.4.157', os.name: 'Mac OS X', os.arch: 'x86_64', os.version: '10.12.6', java.version: '10.0.1'
      Driver info: driver.version: SharedDriver
      	at io.appium.java_client.pagefactory.AppiumElementLocator.findElement(AppiumElementLocator.java:110)
      	at io.appium.java_client.pagefactory.interceptors.InterceptorOfASingleElement.intercept(InterceptorOfASingleElement.java:57)
      	at io.appium.java_client.ios.IOSElement$$EnhancerByCGLIB$$184e91dc.toString(<generated>)
      	at java.base/java.lang.String.valueOf(String.java:2788)
      	at java.base/java.lang.StringBuilder.append(StringBuilder.java:135)
      	at com.quickee.driver.SharedDriver.waitUntilClickable(SharedDriver.java:162)
      	at com.quickee.driver.SharedDriver.click(SharedDriver.java:78)
      	at com.quickee.screens.LatestQuickeesScreen.clickProfileTab(LatestQuickeesScreen.java:55)
      	at com.quickee.steps.LoginSteps.goToProfile(LoginSteps.java:57)
      	at ✽.And Click on Profile link from Latest Quickees Screen(Login.feature:13)
      &amp#27;[0m
    &amp#27;[36mAnd &amp#27;[0m&amp#27;[36mClick on Settings icon from profile Screen&amp#27;[0m                                                                   &amp#27;[90m# LoginSteps.goToSettings()&amp#27;[0m
    &amp#27;[36mAnd &amp#27;[0m&amp#27;[36mClick on LogOut tab&amp#27;[0m                                                                                          &amp#27;[90m# LoginSteps.clickOnlogoutTab()&amp#27;[0m
    &amp#27;[36mThen &amp#27;[0m&amp#27;[36mUser should be successfully LogOut&amp#27;[0m                                                                          &amp#27;[90m# LoginSteps.verifyLogout()&amp#27;[0m
]]></system-out>
    <system-err><![CDATA[log4j:WARN No appenders could be found for logger (org.apache.http.client.protocol.RequestAddCookies).
log4j:WARN Please initialize the log4j system properly.
log4j:WARN See http://logging.apache.org/log4j/1.2/faq.html#noconfig for more info.
]]></system-err>
  </testcase>
  <testcase name="feature" classname="com.quickee.steps.RunCuke" time="23.298">
    <failure message="org.openqa.selenium.NoSuchElementException: Can&apos;t locate an element by this strategy: Locator map: &#10;- native content: &quot;By.id: Login&quot; &#10;- html content: &quot;by id or name &quot;login&quot;&quot;&#10;For documentation on this error, please visit: http://seleniumhq.org/exceptions/no_such_element.html&#10;Build info: version: &apos;2.53.0&apos;, revision: &apos;35ae25b1534ae328c771e0856c93e187490ca824&apos;, time: &apos;2016-03-15 10:43:46&apos;&#10;System info: host: &apos;ind351.local&apos;, ip: &apos;10.2.4.157&apos;, os.name: &apos;Mac OS X&apos;, os.arch: &apos;x86_64&apos;, os.version: &apos;10.12.6&apos;, java.version: &apos;10.0.1&apos;&#10;Driver info: driver.version: SharedDriver" type="cucumber.runtime.CucumberException"><![CDATA[cucumber.runtime.CucumberException: org.openqa.selenium.NoSuchElementException: Can't locate an element by this strategy: Locator map: 
- native content: "By.id: Login" 
- html content: "by id or name "login""
For documentation on this error, please visit: http://seleniumhq.org/exceptions/no_such_element.html
Build info: version: '2.53.0', revision: '35ae25b1534ae328c771e0856c93e187490ca824', time: '2016-03-15 10:43:46'
System info: host: 'ind351.local', ip: '10.2.4.157', os.name: 'Mac OS X', os.arch: 'x86_64', os.version: '10.12.6', java.version: '10.0.1'
Driver info: driver.version: SharedDriver
	at cucumber.api.testng.TestNGCucumberRunner.runCucumber(TestNGCucumberRunner.java:69)
	at cucumber.api.testng.AbstractTestNGCucumberTests.feature(AbstractTestNGCucumberTests.java:21)
	at java.base/jdk.internal.reflect.NativeMethodAccessorImpl.invoke0(Native Method)
	at java.base/jdk.internal.reflect.NativeMethodAccessorImpl.invoke(NativeMethodAccessorImpl.java:62)
	at java.base/jdk.internal.reflect.DelegatingMethodAccessorImpl.invoke(DelegatingMethodAccessorImpl.java:43)
	at java.base/java.lang.reflect.Method.invoke(Method.java:564)
	at org.testng.internal.MethodInvocationHelper.invokeMethod(MethodInvocationHelper.java:108)
	at org.testng.internal.Invoker.invokeMethod(Invoker.java:661)
	at org.testng.internal.Invoker.invokeTestMethod(Invoker.java:869)
	at org.testng.internal.Invoker.invokeTestMethods(Invoker.java:1193)
	at org.testng.internal.TestMethodWorker.invokeTestMethods(TestMethodWorker.java:126)
	at org.testng.internal.TestMethodWorker.run(TestMethodWorker.java:109)
	at org.testng.TestRunner.privateRun(TestRunner.java:744)
	at org.testng.TestRunner.run(TestRunner.java:602)
	at org.testng.SuiteRunner.runTest(SuiteRunner.java:380)
	at org.testng.SuiteRunner.runSequentially(SuiteRunner.java:375)
	at org.testng.SuiteRunner.privateRun(SuiteRunner.java:340)
	at org.testng.SuiteRunner.run(SuiteRunner.java:289)
	at org.testng.SuiteRunnerWorker.runSuite(SuiteRunnerWorker.java:52)
	at org.testng.SuiteRunnerWorker.run(SuiteRunnerWorker.java:86)
	at org.testng.TestNG.runSuitesSequentially(TestNG.java:1301)
	at org.testng.TestNG.runSuitesLocally(TestNG.java:1226)
	at org.testng.TestNG.runSuites(TestNG.java:1144)
	at org.testng.TestNG.run(TestNG.java:1115)
	at org.apache.maven.surefire.testng.TestNGExecutor.run(TestNGExecutor.java:295)
	at org.apache.maven.surefire.testng.TestNGXmlTestSuite.execute(TestNGXmlTestSuite.java:84)
	at org.apache.maven.surefire.testng.TestNGProvider.invoke(TestNGProvider.java:90)
	at org.apache.maven.surefire.booter.ForkedBooter.invokeProviderInSameClassLoader(ForkedBooter.java:203)
	at org.apache.maven.surefire.booter.ForkedBooter.runSuitesInProcess(ForkedBooter.java:155)
	at org.apache.maven.surefire.booter.ForkedBooter.main(ForkedBooter.java:103)
Caused by: org.openqa.selenium.NoSuchElementException: Can't locate an element by this strategy: Locator map: 
- native content: "By.id: Login" 
- html content: "by id or name "login""
For documentation on this error, please visit: http://seleniumhq.org/exceptions/no_such_element.html
Build info: version: '2.53.0', revision: '35ae25b1534ae328c771e0856c93e187490ca824', time: '2016-03-15 10:43:46'
System info: host: 'ind351.local', ip: '10.2.4.157', os.name: 'Mac OS X', os.arch: 'x86_64', os.version: '10.12.6', java.version: '10.0.1'
Driver info: driver.version: SharedDriver
	at io.appium.java_client.pagefactory.AppiumElementLocator.findElement(AppiumElementLocator.java:110)
	at io.appium.java_client.pagefactory.interceptors.InterceptorOfASingleElement.intercept(InterceptorOfASingleElement.java:57)
	at io.appium.java_client.ios.IOSElement$$EnhancerByCGLIB$$184e91dc.toString(<generated>)
	at java.base/java.lang.String.valueOf(String.java:2788)
	at java.base/java.lang.StringBuilder.append(StringBuilder.java:135)
	at com.quickee.driver.SharedDriver.waitUntilClickable(SharedDriver.java:162)
	at com.quickee.driver.SharedDriver.click(SharedDriver.java:78)
	at com.quickee.screens.GetStartedScreen.goToLoginScreen(GetStartedScreen.java:50)
	at com.quickee.steps.LoginSteps.goToLoginScreen(LoginSteps.java:35)
	at ✽.Given Click on Login link on Get Started Screen(SelectProfilePicture.feature:10)
]]></failure>
    <system-out><![CDATA[@ProfilePicture
Feature: Acceptance Testing is check upload profile picture functioanlity is working fine
  In Order to check that
  the Upload profile picture Functionality is working fine
  we will do the acceptance testing

  @ProfilePicture-Gallery
  Scenario: As a User, I want to able to upload profile picture with use of Gallery section &amp#27;[90m# SelectProfilePicture.feature:8&amp#27;[0m
    &amp#27;[31mGiven &amp#27;[0m&amp#27;[31mClick on Login link on Get Started Screen&amp#27;[0m                                         &amp#27;[90m# LoginSteps.goToLoginScreen()&amp#27;[0m
      &amp#27;[31morg.openqa.selenium.NoSuchElementException: Can't locate an element by this strategy: Locator map: 
      - native content: "By.id: Login" 
      - html content: "by id or name "login""
      For documentation on this error, please visit: http://seleniumhq.org/exceptions/no_such_element.html
      Build info: version: '2.53.0', revision: '35ae25b1534ae328c771e0856c93e187490ca824', time: '2016-03-15 10:43:46'
      System info: host: 'ind351.local', ip: '10.2.4.157', os.name: 'Mac OS X', os.arch: 'x86_64', os.version: '10.12.6', java.version: '10.0.1'
      Driver info: driver.version: SharedDriver
      	at io.appium.java_client.pagefactory.AppiumElementLocator.findElement(AppiumElementLocator.java:110)
      	at io.appium.java_client.pagefactory.interceptors.InterceptorOfASingleElement.intercept(InterceptorOfASingleElement.java:57)
      	at io.appium.java_client.ios.IOSElement$$EnhancerByCGLIB$$184e91dc.toString(<generated>)
      	at java.base/java.lang.String.valueOf(String.java:2788)
      	at java.base/java.lang.StringBuilder.append(StringBuilder.java:135)
      	at com.quickee.driver.SharedDriver.waitUntilClickable(SharedDriver.java:162)
      	at com.quickee.driver.SharedDriver.click(SharedDriver.java:78)
      	at com.quickee.screens.GetStartedScreen.goToLoginScreen(GetStartedScreen.java:50)
      	at com.quickee.steps.LoginSteps.goToLoginScreen(LoginSteps.java:35)
      	at ✽.Given Click on Login link on Get Started Screen(SelectProfilePicture.feature:10)
      &amp#27;[0m
    &amp#27;[36mThen &amp#27;[0m&amp#27;[36mClick on EmailAddress button on Welcome Screen&amp#27;[0m                                     &amp#27;[90m# LoginSteps.tapOnEmailbutton()&amp#27;[0m
    &amp#27;[36mWhen &amp#27;[0m&amp#27;[36mEnter Email and Password and click on Sign In button&amp#27;[0m                               &amp#27;[90m# LoginSteps.enterEmailAndPassword()&amp#27;[0m
    &amp#27;[36mAnd &amp#27;[0m&amp#27;[36mClick on Profile link from Latest Quickees Screen&amp#27;[0m                                   &amp#27;[90m# LoginSteps.goToProfile()&amp#27;[0m
    &amp#27;[36mAnd &amp#27;[0m&amp#27;[36mClick on Settings icon from profile Screen&amp#27;[0m                                          &amp#27;[90m# LoginSteps.goToSettings()&amp#27;[0m
    &amp#27;[36mAnd &amp#27;[0m&amp#27;[36mUpload Profile picture with the help of gallery section&amp#27;[0m                             &amp#27;[90m# UploadProfilePicture.selectProfilePictureWithGallery()&amp#27;[0m
    &amp#27;[36mAnd &amp#27;[0m&amp#27;[36mClick on LogOut tab&amp#27;[0m                                                                 &amp#27;[90m# LoginSteps.clickOnlogoutTab()&amp#27;[0m
    &amp#27;[36mThen &amp#27;[0m&amp#27;[36mUser should be successfully LogOut&amp#27;[0m                                                 &amp#27;[90m# LoginSteps.verifyLogout()&amp#27;[0m
]]></system-out>
  </testcase>
</testsuite>