<?xml version="1.0" encoding="UTF-8"?>
<testng-results ignored="0" total="1" passed="1" failed="0" skipped="0">
  <reporter-output>
  </reporter-output>
  <suite started-at="2018-05-10T14:07:56Z" name="Suite" finished-at="2018-05-10T14:16:35Z" duration-ms="518786">
    <groups>
      <group name="cucumber">
        <method signature="AbstractTestNGCucumberTests.feature(cucumber.api.testng.CucumberFeatureWrapper)[pri:0, instance:com.quickee.steps.RunCuke@3c19aaa5]" name="feature" class="cucumber.api.testng.AbstractTestNGCucumberTests"/>
      </group> <!-- cucumber -->
    </groups>
    <test started-at="2018-05-10T14:07:56Z" name="Test" finished-at="2018-05-10T14:16:35Z" duration-ms="518786">
      <class name="com.quickee.steps.RunCuke">
        <test-method is-config="true" signature="setUpClass()[pri:0, instance:com.quickee.steps.RunCuke@3c19aaa5]" started-at="2018-05-10T19:37:56Z" name="setUpClass" finished-at="2018-05-10T19:37:57Z" duration-ms="648" status="PASS">
          <reporter-output>
          </reporter-output>
        </test-method> <!-- setUpClass -->
        <test-method is-config="true" signature="setup()[pri:0, instance:com.quickee.steps.RunCuke@3c19aaa5]" started-at="2018-05-10T19:37:57Z" name="setup" finished-at="2018-05-10T19:37:58Z" duration-ms="602" status="PASS">
          <reporter-output>
          </reporter-output>
        </test-method> <!-- setup -->
        <test-method signature="feature(cucumber.api.testng.CucumberFeatureWrapper)[pri:0, instance:com.quickee.steps.RunCuke@3c19aaa5]" started-at="2018-05-10T19:37:58Z" name="feature" description="Runs Cucumber Feature" data-provider="features" finished-at="2018-05-10T19:44:13Z" duration-ms="375068" status="PASS">
          <params>
            <param index="0">
              <value>
                <![CDATA[Acceptance Testing is check Login and Logout functionality is working fine]]>
              </value>
            </param>
          </params>
          <reporter-output>
          </reporter-output>
        </test-method> <!-- feature -->
        <test-method is-config="true" signature="sendmail()[pri:0, instance:com.quickee.steps.RunCuke@3c19aaa5]" started-at="2018-05-10T19:44:13Z" name="sendmail" finished-at="2018-05-10T19:46:35Z" duration-ms="142018" status="PASS">
          <reporter-output>
          </reporter-output>
        </test-method> <!-- sendmail -->
        <test-method is-config="true" signature="tearDownClass()[pri:0, instance:com.quickee.steps.RunCuke@3c19aaa5]" started-at="2018-05-10T19:46:35Z" name="tearDownClass" finished-at="2018-05-10T19:46:35Z" duration-ms="153" status="PASS">
          <reporter-output>
          </reporter-output>
        </test-method> <!-- tearDownClass -->
      </class> <!-- com.quickee.steps.RunCuke -->
    </test> <!-- Test -->
  </suite> <!-- Suite -->
</testng-results>
